<?xml version="1.0" encoding="UTF-8"?>
<!-- Generated by org.testng.reporters.JUnitXMLReporter -->
<testsuite hostname="DESKTOP-U6CGOS3" ignored="0" name="FireFoxTest" tests="1" failures="1" timestamp="19 Jan 2021 17:40:37 GMT" time="47.956" errors="0">
  <testcase name="SearchPlansTestCase" time="15.248" classname="com.suite1.TestCases.TC02_TestCase">
    <failure type="org.openqa.selenium.ElementClickInterceptedException" message="Element &amp;lt;li id=&amp;quot;react-autowhatever-1-section-0-item-0&amp;quot; class=&amp;quot;react-autosuggest__suggestion react-autosuggest__suggestion--first noPointerEvent&amp;quot;&amp;gt; is not clickable at point (487,326) because another element &amp;lt;ul class=&amp;quot;react-autosuggest__suggestions-list&amp;quot;&amp;gt; obscures it
Build info: version: &amp;apos;3.141.59&amp;apos;, revision: &amp;apos;e82be7d358&amp;apos;, time: &amp;apos;2018-11-14T08:17:03&amp;apos;
System info: host: &amp;apos;DESKTOP-U6CGOS3&amp;apos;, ip: &amp;apos;192.168.55.106&amp;apos;, os.name: &amp;apos;Windows 10&amp;apos;, os.arch: &amp;apos;amd64&amp;apos;, os.version: &amp;apos;10.0&amp;apos;, java.version: &amp;apos;1.8.0_271&amp;apos;
Driver info: org.openqa.selenium.firefox.FirefoxDriver
Capabilities {acceptInsecureCerts: true, browserName: firefox, browserVersion: 84.0.2, javascriptEnabled: true, moz:accessibilityChecks: false, moz:buildID: 20210105180113, moz:geckodriverVersion: 0.28.0, moz:headless: false, moz:processID: 8268, moz:profile: C:\Users\divya\AppData\Loca..., moz:shutdownTimeout: 60000, moz:useNonSpecCompliantPointerOrigin: false, moz:webdriverClick: true, pageLoadStrategy: normal, platform: WINDOWS, platformName: WINDOWS, platformVersion: 10.0, rotatable: false, setWindowRect: true, strictFileInteractability: false, timeouts: {implicit: 0, pageLoad: 300000, script: 30000}, unhandledPromptBehavior: dismiss and notify}
Session ID: 98abec00-d371-4769-9ae5-a776903d32de">
      <![CDATA[org.openqa.selenium.ElementClickInterceptedException: Element <li id="react-autowhatever-1-section-0-item-0" class="react-autosuggest__suggestion react-autosuggest__suggestion--first noPointerEvent"> is not clickable at point (487,326) because another element <ul class="react-autosuggest__suggestions-list"> obscures it
Build info: version: '3.141.59', revision: 'e82be7d358', time: '2018-11-14T08:17:03'
System info: host: 'DESKTOP-U6CGOS3', ip: '192.168.55.106', os.name: 'Windows 10', os.arch: 'amd64', os.version: '10.0', java.version: '1.8.0_271'
Driver info: org.openqa.selenium.firefox.FirefoxDriver
Capabilities {acceptInsecureCerts: true, browserName: firefox, browserVersion: 84.0.2, javascriptEnabled: true, moz:accessibilityChecks: false, moz:buildID: 20210105180113, moz:geckodriverVersion: 0.28.0, moz:headless: false, moz:processID: 8268, moz:profile: C:\Users\divya\AppData\Loca..., moz:shutdownTimeout: 60000, moz:useNonSpecCompliantPointerOrigin: false, moz:webdriverClick: true, pageLoadStrategy: normal, platform: WINDOWS, platformName: WINDOWS, platformVersion: 10.0, rotatable: false, setWindowRect: true, strictFileInteractability: false, timeouts: {implicit: 0, pageLoad: 300000, script: 30000}, unhandledPromptBehavior: dismiss and notify}
Session ID: 98abec00-d371-4769-9ae5-a776903d32de
at org.openqa.selenium.remote.http.W3CHttpResponseCodec.createException(W3CHttpResponseCodec.java:187)
at org.openqa.selenium.remote.http.W3CHttpResponseCodec.decode(W3CHttpResponseCodec.java:122)
at org.openqa.selenium.remote.http.W3CHttpResponseCodec.decode(W3CHttpResponseCodec.java:49)
at org.openqa.selenium.remote.HttpCommandExecutor.execute(HttpCommandExecutor.java:158)
at org.openqa.selenium.remote.service.DriverCommandExecutor.execute(DriverCommandExecutor.java:83)
at org.openqa.selenium.remote.RemoteWebDriver.execute(RemoteWebDriver.java:552)
at org.openqa.selenium.remote.RemoteWebElement.execute(RemoteWebElement.java:285)
at org.openqa.selenium.remote.RemoteWebElement.click(RemoteWebElement.java:84)
at com.suite1.mmt.SearchFlightsPage.ClickDestination(SearchFlightsPage.java:92)
at com.suite1.mmt.SearchFlightsPage.SearchFlight(SearchFlightsPage.java:111)
at com.suite1.mmt.SearchFlightsPage.SearchFlow(SearchFlightsPage.java:120)
at com.suite1.mmt.SearchFlightsPage.ReadDataFromExcel(SearchFlightsPage.java:313)
at com.suite1.TestCases.TC02_TestCase.SearchPlansTestCase(TC02_TestCase.java:67)
at java.util.concurrent.FutureTask.run(FutureTask.java:266)
at java.util.concurrent.ThreadPoolExecutor.runWorker(ThreadPoolExecutor.java:1149)
at java.util.concurrent.ThreadPoolExecutor$Worker.run(ThreadPoolExecutor.java:624)
at java.lang.Thread.run(Thread.java:748)
... Removed 20 stack frames]]>
    </failure>
  </testcase> <!-- SearchPlansTestCase -->
</testsuite> <!-- FireFoxTest -->
